Copyright 1986-2018 Xilinx, Inc. All Rights Reserved.
-----------------------------------------------------------------------------------------------------------------------
| Tool Version : Vivado v.2018.2.1 (win64) Build 2288692 Thu Jul 26 18:24:02 MDT 2018
| Date         : Sat Feb 16 15:37:34 2019
| Host         : caplab05 running 64-bit major release  (build 9200)
| Command      : report_utilization -file mfp_nexys4_ddr_utilization_synth.rpt -pb mfp_nexys4_ddr_utilization_synth.pb
| Design       : mfp_nexys4_ddr
| Device       : 7a100tcsg324-1
| Design State : Synthesized
-----------------------------------------------------------------------------------------------------------------------

Utilization Design Information

Table of Contents
-----------------
1. Slice Logic
1.1 Summary of Registers by Type
2. Memory
3. DSP
4. IO and GT Specific
5. Clocking
6. Specific Feature
7. Primitives
8. Black Boxes
9. Instantiated Netlists

1. Slice Logic
--------------

+----------------------------+------+-------+-----------+-------+
|          Site Type         | Used | Fixed | Available | Util% |
+----------------------------+------+-------+-----------+-------+
| Slice LUTs*                | 9998 |     0 |     63400 | 15.77 |
|   LUT as Logic             | 9983 |     0 |     63400 | 15.75 |
|   LUT as Memory            |   15 |     0 |     19000 |  0.08 |
|     LUT as Distributed RAM |    6 |     0 |           |       |
|     LUT as Shift Register  |    9 |     0 |           |       |
| Slice Registers            | 8790 |     0 |    126800 |  6.93 |
|   Register as Flip Flop    | 8776 |     0 |    126800 |  6.92 |
|   Register as Latch        |   14 |     0 |    126800 |  0.01 |
| F7 Muxes                   |  273 |     0 |     31700 |  0.86 |
| F8 Muxes                   |   18 |     0 |     15850 |  0.11 |
+----------------------------+------+-------+-----------+-------+
* Warning! The Final LUT count, after physical optimizations and full implementation, is typically lower. Run opt_design after synthesis, if not already completed, for a more realistic count.


1.1 Summary of Registers by Type
--------------------------------

+-------+--------------+-------------+--------------+
| Total | Clock Enable | Synchronous | Asynchronous |
+-------+--------------+-------------+--------------+
| 0     |            _ |           - |            - |
| 0     |            _ |           - |          Set |
| 0     |            _ |           - |        Reset |
| 0     |            _ |         Set |            - |
| 0     |            _ |       Reset |            - |
| 0     |          Yes |           - |            - |
| 30    |          Yes |           - |          Set |
| 209   |          Yes |           - |        Reset |
| 43    |          Yes |         Set |            - |
| 8508  |          Yes |       Reset |            - |
+-------+--------------+-------------+--------------+


2. Memory
---------

+-------------------+------+-------+-----------+-------+
|     Site Type     | Used | Fixed | Available | Util% |
+-------------------+------+-------+-----------+-------+
| Block RAM Tile    |   79 |     0 |       135 | 58.52 |
|   RAMB36/FIFO*    |   65 |     0 |       135 | 48.15 |
|     RAMB36E1 only |   65 |       |           |       |
|   RAMB18          |   28 |     0 |       270 | 10.37 |
|     RAMB18E1 only |   28 |       |           |       |
+-------------------+------+-------+-----------+-------+
* Note: Each Block RAM Tile only has one FIFO logic available and therefore can accommodate only one FIFO36E1 or one FIFO18E1. However, if a FIFO18E1 occupies a Block RAM Tile, that tile can still accommodate a RAMB18E1


3. DSP
------

+-----------+------+-------+-----------+-------+
| Site Type | Used | Fixed | Available | Util% |
+-----------+------+-------+-----------+-------+
| DSPs      |    0 |     0 |       240 |  0.00 |
+-----------+------+-------+-----------+-------+


4. IO and GT Specific
---------------------

+-----------------------------+------+-------+-----------+-------+
|          Site Type          | Used | Fixed | Available | Util% |
+-----------------------------+------+-------+-----------+-------+
| Bonded IOB                  |   75 |     0 |       210 | 35.71 |
| Bonded IPADs                |    0 |     0 |         2 |  0.00 |
| PHY_CONTROL                 |    0 |     0 |         6 |  0.00 |
| PHASER_REF                  |    0 |     0 |         6 |  0.00 |
| OUT_FIFO                    |    0 |     0 |        24 |  0.00 |
| IN_FIFO                     |    0 |     0 |        24 |  0.00 |
| IDELAYCTRL                  |    0 |     0 |         6 |  0.00 |
| IBUFDS                      |    0 |     0 |       202 |  0.00 |
| PHASER_OUT/PHASER_OUT_PHY   |    0 |     0 |        24 |  0.00 |
| PHASER_IN/PHASER_IN_PHY     |    0 |     0 |        24 |  0.00 |
| IDELAYE2/IDELAYE2_FINEDELAY |    0 |     0 |       300 |  0.00 |
| ILOGIC                      |    0 |     0 |       210 |  0.00 |
| OLOGIC                      |    0 |     0 |       210 |  0.00 |
+-----------------------------+------+-------+-----------+-------+


5. Clocking
-----------

+------------+------+-------+-----------+-------+
|  Site Type | Used | Fixed | Available | Util% |
+------------+------+-------+-----------+-------+
| BUFGCTRL   |    1 |     0 |        32 |  3.13 |
| BUFIO      |    0 |     0 |        24 |  0.00 |
| MMCME2_ADV |    0 |     0 |         6 |  0.00 |
| PLLE2_ADV  |    0 |     0 |         6 |  0.00 |
| BUFMRCE    |    0 |     0 |        12 |  0.00 |
| BUFHCE     |    0 |     0 |        96 |  0.00 |
| BUFR       |    0 |     0 |        24 |  0.00 |
+------------+------+-------+-----------+-------+


6. Specific Feature
-------------------

+-------------+------+-------+-----------+-------+
|  Site Type  | Used | Fixed | Available | Util% |
+-------------+------+-------+-----------+-------+
| BSCANE2     |    0 |     0 |         4 |  0.00 |
| CAPTUREE2   |    0 |     0 |         1 |  0.00 |
| DNA_PORT    |    0 |     0 |         1 |  0.00 |
| EFUSE_USR   |    0 |     0 |         1 |  0.00 |
| FRAME_ECCE2 |    0 |     0 |         1 |  0.00 |
| ICAPE2      |    0 |     0 |         2 |  0.00 |
| PCIE_2_1    |    0 |     0 |         1 |  0.00 |
| STARTUPE2   |    0 |     0 |         1 |  0.00 |
| XADC        |    0 |     0 |         1 |  0.00 |
+-------------+------+-------+-----------+-------+


7. Primitives
-------------

+----------+------+---------------------+
| Ref Name | Used | Functional Category |
+----------+------+---------------------+
| FDRE     | 8508 |        Flop & Latch |
| LUT6     | 4669 |                 LUT |
| LUT5     | 2698 |                 LUT |
| LUT4     | 1711 |                 LUT |
| LUT3     | 1361 |                 LUT |
| LUT2     |  646 |                 LUT |
| MUXF7    |  273 |               MuxFx |
| FDCE     |  195 |        Flop & Latch |
| CARRY4   |  171 |          CarryLogic |
| LUT1     |  111 |                 LUT |
| RAMB36E1 |   65 |        Block Memory |
| OBUF     |   47 |                  IO |
| FDSE     |   43 |        Flop & Latch |
| FDPE     |   30 |        Flop & Latch |
| RAMB18E1 |   28 |        Block Memory |
| IBUF     |   28 |                  IO |
| MUXF8    |   18 |               MuxFx |
| LDCE     |   14 |        Flop & Latch |
| SRL16E   |    9 |  Distributed Memory |
| RAMS64E  |    6 |  Distributed Memory |
| BUFG     |    1 |               Clock |
+----------+------+---------------------+


8. Black Boxes
--------------

+---------------+------+
|    Ref Name   | Used |
+---------------+------+
| rojobot31_0   |    1 |
| clk_wiz_0     |    1 |
| blk_mem_gen_7 |    1 |
| blk_mem_gen_6 |    1 |
| blk_mem_gen_5 |    1 |
| blk_mem_gen_4 |    1 |
| blk_mem_gen_3 |    1 |
| blk_mem_gen_2 |    1 |
| blk_mem_gen_1 |    1 |
| blk_mem_gen_0 |    1 |
+---------------+------+


9. Instantiated Netlists
------------------------

+-----------+------+
|  Ref Name | Used |
+-----------+------+
| world_map |    1 |
+-----------+------+


